{"/Users/ovo/Documents/Personal/Github/monorepo/packages/comp-button/src/index.js": {"path":"/Users/ovo/Documents/Personal/Github/monorepo/packages/comp-button/src/index.js","statementMap":{"0":{"start":{"line":3,"column":15},"end":{"line":9,"column":1}},"1":{"start":{"line":4,"column":2},"end":{"line":8,"column":8}}},"fnMap":{"0":{"name":"(anonymous_0)","decl":{"start":{"line":3,"column":15},"end":{"line":3,"column":16}},"loc":{"start":{"line":4,"column":2},"end":{"line":8,"column":8}},"line":4}},"branchMap":{"0":{"loc":{"start":{"line":3,"column":18},"end":{"line":3,"column":32}},"type":"default-arg","locations":[{"start":{"line":3,"column":25},"end":{"line":3,"column":32}}],"line":3}},"s":{"0":1,"1":2},"f":{"0":2},"b":{"0":[2]},"_coverageSchema":"1a1c01bbd47fc00a2c39e90264f33305004495a9","hash":"df1045327ba7a93662deb1db8d9d6e4b962e504e"}
}
